<?xml version="1.0" encoding="UTF-8"?>
<!-- Generated by org.testng.reporters.JUnitReportReporter -->
<testsuite hostname="DESKTOP-0NJPTMA" failures="0" tests="31" name="testHomePage.TestMainPage" time="198.685" errors="1" timestamp="12 Jan 2019 17:33:34 GMT" skipped="24">
  <testcase classname="testHomePage.TestMainPage" name="getHelp" time="21.145">
    <skipped/>
  </testcase> <!-- getHelp -->
  <testcase classname="testHomePage.TestMainPage" name="testBusinessDelivery" time="29.729">
    <skipped/>
  </testcase> <!-- testBusinessDelivery -->
  <testcase classname="testHomePage.TestMainPage" name="testServices" time="25.131">
    <skipped/>
  </testcase> <!-- testServices -->
  <testcase classname="testHomePage.TestMainPage" name="testPhoto" time="29.496">
    <skipped/>
  </testcase> <!-- testPhoto -->
  <testcase classname="testHomePage.TestMainPage" name="pLog" time="19.730">
    <skipped/>
  </testcase> <!-- pLog -->
  <testcase classname="testHomePage.TestMainPage" name="testviewWareHouseSavings" time="24.234">
    <skipped/>
  </testcase> <!-- testviewWareHouseSavings -->
  <testcase classname="testHomePage.TestMainPage" name="pLogo" time="0.000">
    <skipped/>
  </testcase> <!-- pLogo -->
  <testcase classname="testHomePage.TestMainPage" name="testLogo" time="0.000">
    <skipped/>
  </testcase> <!-- testLogo -->
  <testcase classname="testHomePage.TestMainPage" name="testus" time="0.000">
    <skipped/>
  </testcase> <!-- testus -->
  <testcase classname="testHomePage.TestMainPage" name="testGetEmailOffers" time="0.000">
    <skipped/>
  </testcase> <!-- testGetEmailOffers -->
  <testcase classname="testHomePage.TestMainPage" name="testLocation" time="0.000">
    <skipped/>
  </testcase> <!-- testLocation -->
  <testcase classname="testHomePage.TestMainPage" name="findaWarehouse" time="0.321"/>
  <testcase classname="testHomePage.TestMainPage" name="testSearch" time="0.000">
    <skipped/>
  </testcase> <!-- testSearch -->
  <testcase classname="testHomePage.TestMainPage" name="testGrocery" time="0.000">
    <skipped/>
  </testcase> <!-- testGrocery -->
  <testcase classname="testHomePage.TestMainPage" name="testSignInRegister" time="0.000">
    <skipped/>
  </testcase> <!-- testSignInRegister -->
  <testcase classname="testHomePage.TestMainPage" name="testFindaWarehouse" time="0.000">
    <skipped/>
  </testcase> <!-- testFindaWarehouse -->
  <testcase classname="testHomePage.TestMainPage" name="testTravel" time="0.000">
    <skipped/>
  </testcase> <!-- testTravel -->
  <testcase classname="testHomePage.TestMainPage" name="testShopAllDepartment" time="0.000">
    <skipped/>
  </testcase> <!-- testShopAllDepartment -->
  <testcase classname="testHomePage.TestMainPage" name="customerService" time="0.303"/>
  <testcase classname="testHomePage.TestMainPage" name="enterYourEmail" time="0.355"/>
  <testcase classname="testHomePage.TestMainPage" name="testPharmacy" time="0.000">
    <skipped/>
  </testcase> <!-- testPharmacy -->
  <testcase classname="testHomePage.TestMainPage" name="getGetEmailOffers" time="0.000">
    <skipped/>
  </testcase> <!-- getGetEmailOffers -->
  <testcase classname="testHomePage.TestMainPage" name="testMembership" time="0.000">
    <skipped/>
  </testcase> <!-- testMembership -->
  <testcase classname="testHomePage.TestMainPage" name="cityStateZip" time="0.341"/>
  <testcase classname="testHomePage.TestMainPage" name="testCustomerService" time="0.000">
    <skipped/>
  </testcase> <!-- testCustomerService -->
  <testcase classname="testHomePage.TestMainPage" name="facebookLogo" time="19.741"/>
  <testcase classname="testHomePage.TestMainPage" name="setUp" time="27.536">
    <error message="timeout
  (Session info: chrome=71.0.3578.98)
  (Driver info: chromedriver=2.42.591088 (7b2b2dca23cca0862f674758c9a3933e685c27d5),platform=Windows NT 10.0.17134 x86_64) (WARNING: The server did not provide any stacktrace information)
Command duration or timeout: 0 milliseconds
Build info: version: &#039;3.14.0&#039;, revision: &#039;aacccce0&#039;, time: &#039;2018-08-02T20:19:58.91Z&#039;
System info: host: &#039;DESKTOP-0NJPTMA&#039;, ip: &#039;192.168.202.1&#039;, os.name: &#039;Windows 10&#039;, os.arch: &#039;amd64&#039;, os.version: &#039;10.0&#039;, java.version: &#039;11.0.1&#039;
Driver info: org.openqa.selenium.chrome.ChromeDriver
Capabilities {acceptInsecureCerts: false, acceptSslCerts: false, applicationCacheEnabled: false, browserConnectionEnabled: false, browserName: chrome, chrome: {chromedriverVersion: 2.42.591088 (7b2b2dca23cca0..., userDataDir: C:\Users\nafas\AppData\Loca...}, cssSelectorsEnabled: true, databaseEnabled: false, goog:chromeOptions: {debuggerAddress: localhost:51113}, handlesAlerts: true, hasTouchScreen: false, javascriptEnabled: true, locationContextEnabled: true, mobileEmulationEnabled: false, nativeEvents: true, networkConnectionEnabled: false, pageLoadStrategy: normal, platform: XP, platformName: XP, rotatable: false, setWindowRect: true, takesHeapSnapshot: true, takesScreenshot: true, unexpectedAlertBehaviour: , unhandledPromptBehavior: , version: 71.0.3578.98, webStorageEnabled: true}
Session ID: eae27f8e672d197d49380df4b38fbc56" type="org.openqa.selenium.TimeoutException">
      <![CDATA[org.openqa.selenium.TimeoutException: timeout
  (Session info: chrome=71.0.3578.98)
  (Driver info: chromedriver=2.42.591088 (7b2b2dca23cca0862f674758c9a3933e685c27d5),platform=Windows NT 10.0.17134 x86_64) (WARNING: The server did not provide any stacktrace information)
Command duration or timeout: 0 milliseconds
Build info: version: '3.14.0', revision: 'aacccce0', time: '2018-08-02T20:19:58.91Z'
System info: host: 'DESKTOP-0NJPTMA', ip: '192.168.202.1', os.name: 'Windows 10', os.arch: 'amd64', os.version: '10.0', java.version: '11.0.1'
Driver info: org.openqa.selenium.chrome.ChromeDriver
Capabilities {acceptInsecureCerts: false, acceptSslCerts: false, applicationCacheEnabled: false, browserConnectionEnabled: false, browserName: chrome, chrome: {chromedriverVersion: 2.42.591088 (7b2b2dca23cca0..., userDataDir: C:\Users\nafas\AppData\Loca...}, cssSelectorsEnabled: true, databaseEnabled: false, goog:chromeOptions: {debuggerAddress: localhost:51113}, handlesAlerts: true, hasTouchScreen: false, javascriptEnabled: true, locationContextEnabled: true, mobileEmulationEnabled: false, nativeEvents: true, networkConnectionEnabled: false, pageLoadStrategy: normal, platform: XP, platformName: XP, rotatable: false, setWindowRect: true, takesHeapSnapshot: true, takesScreenshot: true, unexpectedAlertBehaviour: , unhandledPromptBehavior: , version: 71.0.3578.98, webStorageEnabled: true}
Session ID: eae27f8e672d197d49380df4b38fbc56
at java.base/jdk.internal.reflect.NativeConstructorAccessorImpl.newInstance0(Native Method)
at java.base/jdk.internal.reflect.NativeConstructorAccessorImpl.newInstance(NativeConstructorAccessorImpl.java:62)
at java.base/jdk.internal.reflect.DelegatingConstructorAccessorImpl.newInstance(DelegatingConstructorAccessorImpl.java:45)
at java.base/java.lang.reflect.Constructor.newInstance(Constructor.java:490)
at org.openqa.selenium.remote.ErrorHandler.createThrowable(ErrorHandler.java:214)
at org.openqa.selenium.remote.ErrorHandler.throwIfResponseFailed(ErrorHandler.java:166)
at org.openqa.selenium.remote.http.JsonHttpResponseCodec.reconstructValue(JsonHttpResponseCodec.java:40)
at org.openqa.selenium.remote.http.AbstractHttpResponseCodec.decode(AbstractHttpResponseCodec.java:80)
at org.openqa.selenium.remote.http.AbstractHttpResponseCodec.decode(AbstractHttpResponseCodec.java:44)
at org.openqa.selenium.remote.HttpCommandExecutor.execute(HttpCommandExecutor.java:158)
at org.openqa.selenium.remote.service.DriverCommandExecutor.execute(DriverCommandExecutor.java:83)
at org.openqa.selenium.remote.RemoteWebDriver.execute(RemoteWebDriver.java:548)
at org.openqa.selenium.remote.RemoteWebDriver.get(RemoteWebDriver.java:276)
at base.CommonAPI.setUp(CommonAPI.java:67)
at java.base/jdk.internal.reflect.NativeMethodAccessorImpl.invoke0(Native Method)
at java.base/jdk.internal.reflect.NativeMethodAccessorImpl.invoke(NativeMethodAccessorImpl.java:62)
at java.base/jdk.internal.reflect.DelegatingMethodAccessorImpl.invoke(DelegatingMethodAccessorImpl.java:43)
at java.base/java.lang.reflect.Method.invoke(Method.java:566)
at org.testng.internal.MethodInvocationHelper.invokeMethod(MethodInvocationHelper.java:124)
at org.testng.internal.MethodInvocationHelper.invokeMethodConsideringTimeout(MethodInvocationHelper.java:59)
at org.testng.internal.Invoker.invokeConfigurationMethod(Invoker.java:458)
at org.testng.internal.Invoker.invokeConfigurations(Invoker.java:222)
at org.testng.internal.Invoker.invokeMethod(Invoker.java:523)
at org.testng.internal.Invoker.invokeTestMethod(Invoker.java:719)
at org.testng.internal.Invoker.invokeTestMethods(Invoker.java:989)
at org.testng.internal.TestMethodWorker.invokeTestMethods(TestMethodWorker.java:125)
at org.testng.internal.TestMethodWorker.run(TestMethodWorker.java:109)
at org.testng.TestRunner.privateRun(TestRunner.java:648)
at org.testng.TestRunner.run(TestRunner.java:505)
at org.testng.SuiteRunner.runTest(SuiteRunner.java:455)
at org.testng.SuiteRunner.runSequentially(SuiteRunner.java:450)
at org.testng.SuiteRunner.privateRun(SuiteRunner.java:415)
at org.testng.SuiteRunner.run(SuiteRunner.java:364)
at org.testng.SuiteRunnerWorker.runSuite(SuiteRunnerWorker.java:52)
at org.testng.SuiteRunnerWorker.run(SuiteRunnerWorker.java:84)
at org.testng.TestNG.runSuitesSequentially(TestNG.java:1208)
at org.testng.TestNG.runSuitesLocally(TestNG.java:1137)
at org.testng.TestNG.runSuites(TestNG.java:1049)
at org.testng.TestNG.run(TestNG.java:1017)
at org.apache.maven.surefire.testng.TestNGExecutor.run(TestNGExecutor.java:283)
at org.apache.maven.surefire.testng.TestNGXmlTestSuite.execute(TestNGXmlTestSuite.java:75)
at org.apache.maven.surefire.testng.TestNGProvider.invoke(TestNGProvider.java:120)
at org.apache.maven.surefire.booter.ForkedBooter.invokeProviderInSameClassLoader(ForkedBooter.java:384)
at org.apache.maven.surefire.booter.ForkedBooter.runSuitesInProcess(ForkedBooter.java:345)
at org.apache.maven.surefire.booter.ForkedBooter.execute(ForkedBooter.java:126)
at org.apache.maven.surefire.booter.ForkedBooter.main(ForkedBooter.java:418)
]]>
    </error>
  </testcase> <!-- setUp -->
  <testcase classname="testHomePage.TestMainPage" name="testAll" time="0.000">
    <skipped/>
  </testcase> <!-- testAll -->
  <testcase classname="testHomePage.TestMainPage" name="testCart" time="0.000">
    <skipped/>
  </testcase> <!-- testCart -->
  <testcase classname="testHomePage.TestMainPage" name="followUs" time="0.623"/>
  <testcase classname="testHomePage.TestMainPage" name="testOptical" time="0.000">
    <skipped/>
  </testcase> <!-- testOptical -->
</testsuite> <!-- testHomePage.TestMainPage -->
